15:56:20.657 47
15:56:20.875 44
15:56:20.882 48
15:56:20.888 2
15:56:20.945 65
15:56:20.989 39
15:56:21.066 41
15:56:21.197 42
15:56:21.245 154
15:56:21.333 1779
15:56:21.566 32
15:56:21.760 30
15:56:21.815 37
15:56:21.960 1
15:56:21.997 935
15:56:22.322 129
15:56:22.396 73
15:56:22.538 2
15:56:22.763 49
15:56:22.770 113
15:56:22.800 222
15:56:22.927 167
15:56:23.080 58
15:56:23.185 64
15:56:23.260 95
15:56:23.397 1081
15:56:23.400 80
15:56:23.417 51
15:56:23.909 275
15:56:24.004 104
15:56:24.028 1423
15:56:24.131 48
15:56:24.190 101
15:56:24.202 52
15:56:24.228 4
15:56:24.295 167
15:56:24.295 45
15:56:24.403 52
15:56:24.404 2
15:56:24.432 73
15:56:24.590 1608
15:56:24.668 44
15:56:24.760 57
15:56:24.785 43
15:56:24.805 43
15:56:24.839 47
15:56:24.883 40
15:56:25.009 54
15:56:25.099 68
15:56:25.159 160
15:56:25.350 77
15:56:25.688 46
15:56:25.819 2
15:56:25.864 1465
15:56:26.530 63
15:56:26.592 30
15:56:26.792 2
15:56:26.845 1262
15:56:27.149 51
15:56:27.242 137
15:56:27.651 26
15:56:27.810 1514
15:56:27.927 2
15:56:28.018 1
15:56:28.344 101
15:56:28.459 41
15:56:28.475 750
15:56:28.562 334
15:56:28.647 70
15:56:28.752 569
15:56:28.823 165
15:56:28.902 237
15:56:28.908 84
15:56:28.918 129
15:56:28.930 981
15:56:29.036 41
15:56:29.041 176
15:56:29.113 48
15:56:29.128 28
15:56:29.144 25
15:56:29.192 42
15:56:29.238 42
15:56:29.274 40
15:56:29.381 110
15:56:29.384 80
15:56:29.410 99
15:56:29.451 44
15:56:29.711 323
15:56:30.017 788
15:56:30.269 164
15:56:30.273 148
15:56:30.604 61
15:56:30.645 124
15:56:30.695 93
15:56:30.789 229
15:56:30.935 1
15:56:31.216 134
15:56:31.234 206
15:56:31.249 115
15:56:31.640 161
15:56:31.793 83
15:56:32.337 54
15:56:32.495 1179
15:56:32.846 3138
15:56:32.913 3369
15:56:33.427 65
15:56:33.633 159
15:56:33.677 26
15:56:33.809 115
15:56:34.004 129
15:56:34.043 345
15:56:34.067 195
15:56:34.070 64
15:56:34.072 1
15:56:34.103 3106
15:56:34.187 41
15:56:34.248 1686
15:56:34.273 43
15:56:34.531 78
15:56:34.647 48
15:56:34.671 3758
15:56:34.735 50
15:56:34.765 1034
15:56:34.791 44
15:56:35.010 174
15:56:35.013 216
15:56:35.177 43
15:56:35.184 76
15:56:35.422 112
15:56:35.497 126
15:56:35.497 157
15:56:35.517 183
15:56:35.524 334
15:56:35.563 27
15:56:35.571 179
15:56:35.597 189
15:56:35.632 48
15:56:35.654 166
15:56:35.789 21
15:56:35.817 48
15:56:35.873 36
15:56:35.999 72
15:56:36.005 76
15:56:36.014 127
15:56:36.020 3033
15:56:36.054 37
15:56:36.090 25
15:56:36.182 2
15:56:36.360 133
15:56:36.390 1292
15:56:36.460 28
15:56:36.569 81
15:56:36.598 832
15:56:36.669 154
15:56:36.733 47
15:56:36.799 52
15:56:36.947 1937
15:56:36.998 188
15:56:36.999 3
15:56:37.024 853
15:56:37.039 73
15:56:37.072 1460
15:56:37.141 140
15:56:37.235 61
15:56:37.509 83
15:56:37.601 44
15:56:37.617 54
15:56:37.639 69
15:56:37.691 118
15:56:37.844 68
15:56:37.870 51
15:56:38.093 179
15:56:38.107 47
15:56:38.189 39
15:56:38.397 148
15:56:38.465 1
15:56:38.481 1
15:56:38.651 254
15:56:38.695 14
15:56:38.746 41
15:56:38.748 501
15:56:39.052 111
15:56:39.219 1
15:56:39.323 51
15:56:39.357 33
15:56:39.421 93
15:56:39.430 160
15:56:39.489 209
15:56:39.929 3
15:56:39.933 78
15:56:40.024 160
15:56:40.369 25
15:56:40.488 9
15:56:40.963 409
15:56:41.010 1521
15:56:41.244 49
15:56:41.409 139
15:56:41.806 1618
15:56:42.239 80
15:56:42.321 2403
15:56:42.374 1645
15:56:42.682 183
15:56:42.754 247
15:56:42.830 79
15:56:42.870 342
15:56:42.872 52
15:56:43.070 43
15:56:43.184 84
15:56:43.191 41
15:56:43.211 146
15:56:43.258 25
15:56:43.259 264
15:56:43.288 24
15:56:43.498 80
15:56:43.724 256
15:56:43.726 1904
15:56:43.757 1538
15:56:43.792 99
15:56:43.956 3
15:56:44.065 153
15:56:44.079 1
15:56:44.116 27
15:56:44.333 96
15:56:44.390 51
15:56:44.436 43
15:56:44.498 61
15:56:44.631 44
15:56:44.736 20
15:56:44.760 74
15:56:45.044 22
15:56:45.046 25
15:56:45.198 2
15:56:45.551 38
15:56:45.694 25
15:56:45.744 1480
15:56:45.763 28
15:56:45.816 51
15:56:45.958 185
15:56:45.960 151
15:56:46.014 17
15:56:46.213 21
15:56:46.251 204
15:56:46.270 113
15:56:46.308 47
15:56:46.360 60
15:56:46.451 642
15:56:46.462 65
15:56:46.693 83
15:56:46.699 987
15:56:46.761 33
15:56:46.803 44
15:56:46.954 21
15:56:46.996 45
15:56:47.208 97
15:56:47.370 177
15:56:47.413 835
15:56:47.649 896
15:56:47.690 41
15:56:47.826 92
15:56:47.904 63
15:56:47.994 261
15:56:48.063 93
15:56:48.131 39
15:56:48.351 42
15:56:48.450 62
15:56:48.474 42
15:56:48.489 36
15:56:48.627 41
15:56:48.763 161
15:56:48.832 72
15:56:48.903 65
15:56:48.939 63
15:56:49.037 68
15:56:49.062 58
15:56:49.312 147
15:56:49.581 59
15:56:49.663 62
15:56:50.077 91
15:56:50.124 1
15:56:50.149 1509
15:56:50.226 40
15:56:50.286 103
15:56:50.358 23
15:56:50.613 30
15:56:50.686 22
15:56:50.693 1
15:56:50.705 57
15:56:50.724 19
15:56:50.765 44
15:56:50.853 40
15:56:51.237 63
15:56:51.310 62
15:56:51.658 79
15:56:51.766 147
15:56:52.038 158
15:56:52.320 467
15:56:52.353 33
15:56:52.473 31
15:56:52.480 109
15:56:52.521 21
15:56:52.539 21
15:56:52.614 971
15:56:52.701 1004
15:56:53.197 48
15:56:53.244 64
15:56:53.335 1412
15:56:53.827 88
15:56:53.955 201
15:56:54.149 20
15:56:54.154 507
15:56:54.163 1
15:56:54.485 566
15:56:54.671 158
15:56:54.916 38
15:56:54.918 1023
15:56:55.112 4923
15:56:55.274 1775
15:56:55.629 61
15:56:55.729 75
15:56:55.748 1122
15:56:56.126 193
15:56:56.129 50
15:56:56.141 189
15:56:56.250 42
15:56:56.379 628
15:56:56.428 68
15:56:56.581 2
15:56:56.687 43
15:56:56.791 60
15:56:56.943 44
15:56:57.072 87
15:56:57.193 44
15:56:57.226 67
15:56:57.369 175
15:56:57.464 2
15:56:57.553 57
15:56:57.563 64
15:56:57.576 120
15:56:57.661 33
15:56:57.679 48
15:56:57.711 53
15:56:57.756 51
15:56:57.788 462
15:56:57.935 44
15:56:58.029 40
15:56:58.222 41
15:56:58.306 48
15:56:58.379 46
15:56:58.446 106
15:56:58.460 175
15:56:58.476 136
15:56:58.519 248
15:56:58.699 44
15:56:58.789 192
15:56:58.805 74
15:56:58.871 43
15:56:58.964 172
15:56:59.070 65
15:56:59.337 29
15:56:59.766 603
15:56:59.898 45
15:57:00.211 96
15:57:00.343 164
15:57:00.562 63
15:57:00.702 42
15:57:00.816 39
15:57:00.830 51
15:57:00.885 76
15:57:00.892 235
15:57:01.020 93
15:57:01.228 43
15:57:01.297 37
15:57:01.419 60
15:57:01.499 39
15:57:01.503 49
15:57:01.557 112
15:57:01.558 101
15:57:01.649 52
15:57:01.687 42
15:57:01.689 43
15:57:01.798 42
15:57:01.876 74
15:57:01.899 25
15:57:01.914 104
15:57:01.921 115
15:57:01.966 248
15:57:01.967 46
15:57:01.997 39
15:57:02.108 25
15:57:02.121 24
15:57:02.167 37
15:57:02.221 38
15:57:02.274 39
15:57:02.423 153
15:57:02.602 2
15:57:02.641 52
15:57:02.830 77
15:57:02.838 151
15:57:02.850 1
15:57:03.016 71
15:57:03.226 28
15:57:03.470 206
15:57:03.514 51
15:57:03.568 1
15:57:03.592 65
15:57:03.623 112
15:57:03.760 31
15:57:03.827 17
15:57:03.851 35
15:57:03.899 156
15:57:03.970 22
15:57:04.170 643
15:57:04.195 1140
15:57:04.291 114
15:57:04.329 37
15:57:04.360 36
15:57:04.445 88
15:57:04.609 41
15:57:04.724 830
15:57:04.724 52
15:57:04.849 128
15:57:05.042 32
15:57:05.117 39
15:57:05.181 142
15:57:05.269 25
15:57:05.369 38
15:57:05.479 52
15:57:05.498 69
15:57:05.572 169
15:57:05.627 59
15:57:05.688 41
15:57:05.746 52
15:57:05.868 88
15:57:05.949 126
15:57:06.035 159
15:57:06.070 110
15:57:06.073 105
15:57:06.076 66
15:57:06.154 69
15:57:06.272 57
15:57:06.297 32
15:57:06.368 67
15:57:06.372 88
15:57:06.425 65
15:57:06.429 74
15:57:06.488 1
15:57:06.512 43
15:57:06.546 30
15:57:06.569 50
15:57:06.670 108
15:57:06.730 46
15:57:06.929 48
15:57:06.935 50
15:57:07.033 41
15:57:07.067 34
15:57:07.164 52
15:57:07.216 34
15:57:07.226 67
15:57:07.231 17
15:57:07.435 184
15:57:07.607 65
15:57:07.647 45
15:57:07.695 47
15:57:07.713 1795
15:57:07.715 46
15:57:07.981 34
15:57:08.195 17
15:57:08.200 164
15:57:08.312 118
15:57:08.382 119
15:57:08.421 448
15:57:08.538 807
15:57:08.700 50
15:57:08.809 76
15:57:08.867 46
15:57:08.884 69
15:57:08.936 61
15:57:08.950 50
15:57:09.053 2
15:57:09.172 165
15:57:09.204 47
15:57:09.233 59
15:57:09.251 1
15:57:09.296 267
15:57:09.333 29
15:57:09.350 171
15:57:09.457 33
15:57:09.468 38
15:57:09.680 70
15:57:09.733 58
15:57:09.776 2
15:57:09.777 46
15:57:09.944 1
15:57:09.954 152
15:57:10.113 2
15:57:10.425 34
15:57:10.682 161
15:57:11.383 66
15:57:11.616 36
15:57:12.094 2487
15:57:12.165 123
15:57:12.166 71
15:57:12.169 141
15:57:12.757 126
15:57:12.952 2445
15:57:12.988 62
15:57:13.144 331
15:57:13.157 170
15:57:13.430 58
15:57:13.499 2
15:57:13.530 1640
15:57:13.771 1471
15:57:13.881 66
15:57:14.029 69
15:57:14.178 377
15:57:14.245 37
15:57:14.284 1072
15:57:14.314 43
15:57:14.419 28
15:57:14.517 636
15:57:14.592 20
15:57:14.637 63
15:57:14.692 64
15:57:14.759 72
15:57:14.806 915
15:57:14.827 374
15:57:14.879 57
15:57:15.102 68
15:57:15.122 128
15:57:15.251 117
15:57:15.448 52
15:57:15.525 142
15:57:15.589 359
15:57:15.818 63
15:57:15.839 128
15:57:15.869 1116
15:57:15.886 52
15:57:15.894 32
15:57:16.240 103
15:57:16.301 207
15:57:16.316 1199
15:57:16.404 73
15:57:16.507 45
15:57:16.558 1
15:57:16.591 51
15:57:16.629 2149
15:57:16.644 27
15:57:16.650 80
15:57:16.700 50
15:57:16.706 85
15:57:16.731 31
15:57:16.753 1
15:57:16.872 451
15:57:17.173 77
15:57:17.195 1943
15:57:17.240 318
15:57:17.297 90
15:57:17.347 2100
15:57:17.373 173
15:57:17.506 46
15:57:17.631 2226
15:57:17.706 19
15:57:17.757 66
15:57:18.031 181
15:57:18.056 158
15:57:18.292 229
15:57:18.596 17
15:57:19.015 108
15:57:19.182 23
15:57:19.269 79
15:57:19.450 1
15:57:19.481 19
15:57:19.911 140
15:57:20.047 67
15:57:20.116 406
15:57:20.290 1873
15:57:20.474 38
15:57:20.685 1216
15:57:20.705 172
15:57:20.828 150
15:57:20.887 1
15:57:20.890 1334
15:57:20.916 62
15:57:21.038 204
15:57:21.057 117
15:57:21.265 2252
15:57:21.291 33
15:57:21.373 42
15:57:21.532 32
15:57:21.593 11
15:57:21.661 52
15:57:21.722 71
15:57:21.785 310
15:57:21.826 35
15:57:21.851 1848
15:57:21.853 4
15:57:21.876 48
15:57:22.001 482
15:57:22.016 32
15:57:22.121 59
15:57:22.303 133
15:57:22.334 74
15:57:22.335 64
15:57:22.519 86
15:57:22.520 55
15:57:22.850 24
15:57:22.866 147
15:57:22.944 70
15:57:23.366 90
15:57:23.694 45
15:57:23.760 320
15:57:23.918 119
15:57:24.584 587
15:57:24.669 1239
15:57:24.684 95
15:57:24.776 1700
15:57:24.898 37
15:57:24.950 167
15:57:24.951 75
15:57:25.420 51
15:57:25.439 58
15:57:25.684 89
15:57:25.913 36
15:57:26.260 16
15:57:26.265 267
15:57:26.411 43
15:57:26.413 43
15:57:26.837 116
15:57:26.851 1272
15:57:26.902 178
15:57:26.932 206
15:57:27.141 29
15:57:27.358 32
15:57:27.373 29
15:57:27.658 86
15:57:27.722 57
15:57:27.906 1
15:57:27.930 148
15:57:28.034 51
15:57:28.191 83
15:57:28.271 74
15:57:28.272 68
15:57:28.325 36
15:57:28.506 48
15:57:28.599 77
15:57:28.881 98
15:57:28.923 45
15:57:29.128 939
15:57:29.282 1224
15:57:29.528 63
15:57:30.022 66
15:57:30.041 1169
15:57:30.083 1
15:57:30.457 2
15:57:30.918 1
15:57:31.003 80
15:57:31.204 2205
15:57:31.225 157
15:57:31.282 73
15:57:31.339 1679
15:57:31.377 49
15:57:31.572 241
15:57:31.583 76
15:57:31.593 1010
15:57:31.635 457
15:57:31.689 222
15:57:31.757 28
15:57:31.891 46
15:57:31.952 194
15:57:31.989 49
15:57:32.006 36
15:57:32.085 48
15:57:32.155 2
15:57:32.286 740
15:57:32.287 82
15:57:32.319 95
15:57:32.369 72
15:57:32.535 154
15:57:32.637 46
15:57:32.776 66
15:57:32.804 32
15:57:32.822 23
15:57:32.833 79
15:57:33.001 131
15:57:33.125 1467
15:57:33.157 114
15:57:33.174 24
15:57:33.511 1518
15:57:33.549 49
15:57:33.733 959
15:57:33.779 33
15:57:33.785 63
15:57:33.923 705
15:57:34.056 145
15:57:34.357 72
15:57:34.588 46
15:57:34.700 56
15:57:34.719 71
15:57:34.838 47
15:57:34.934 52
15:57:34.948 61
15:57:35.038 47
15:57:35.172 976
15:57:35.311 50
15:57:35.402 1318
15:57:35.507 29
15:57:35.645 71
15:57:35.750 82
15:57:35.919 97
15:57:36.344 16
15:57:36.369 127
15:57:36.488 26
15:57:36.702 366
15:57:36.743 48
15:57:36.748 55
15:57:36.761 1
15:57:36.832 200
15:57:36.876 396
15:57:36.883 31
15:57:36.908 3
15:57:37.307 157
15:57:37.311 725
15:57:37.323 165
15:57:37.430 48
15:57:37.593 695
15:57:37.651 63
15:57:37.982 2
15:57:38.013 2
15:57:38.068 60
15:57:38.113 58
15:57:38.307 118
15:57:38.501 173
15:57:38.524 257
15:57:38.904 104
15:57:38.931 193
15:57:39.077 154
15:57:39.322 1
15:57:39.570 150
15:57:40.212 1350
15:57:40.241 25
15:57:40.309 170
15:57:40.324 40
15:57:40.356 184
15:57:40.449 46
15:57:40.473 2
15:57:40.506 20
15:57:40.570 27
15:57:40.589 43
15:57:40.775 64
15:57:40.869 167
15:57:41.043 2
15:57:41.197 81
15:57:41.235 43
15:57:41.268 68
15:57:41.334 562
15:57:41.346 1377
15:57:41.428 41
15:57:41.463 53
15:57:41.474 70
15:57:41.526 43
15:57:41.611 41
15:57:41.613 49
15:57:41.619 87
15:57:41.747 138
15:57:41.748 59
15:57:41.774 87
15:57:41.810 70
15:57:41.869 44
15:57:41.896 64
15:57:42.009 43
15:57:42.131 91
15:57:42.235 41
15:57:42.245 51
15:57:42.291 684
15:57:42.330 32
15:57:42.450 62
15:57:42.452 199
15:57:42.516 63
15:57:42.564 191
15:57:42.597 43
15:57:42.627 40
15:57:42.684 42
15:57:42.731 63
15:57:42.744 56
15:57:42.752 1
15:57:42.781 46
15:57:42.862 42
15:57:42.996 94
15:57:43.014 145
15:57:43.038 97
15:57:43.296 2
15:57:43.297 112
15:57:43.300 73
15:57:43.373 72
15:57:43.377 82
15:57:43.473 47
15:57:43.496 315
15:57:43.499 76
15:57:43.609 82
15:57:43.642 66
15:57:43.688 40
15:57:43.831 250
15:57:43.880 48
15:57:43.921 1
15:57:43.991 43
15:57:44.033 46
15:57:44.203 95
15:57:44.262 47
15:57:44.280 261
15:57:44.526 120
15:57:44.611 148
15:57:44.612 1316
15:57:44.615 88
15:57:44.644 41
15:57:44.755 2
15:57:44.756 93
15:57:44.878 81
15:57:45.064 1
15:57:45.173 31
15:57:45.206 163
15:57:45.272 55
15:57:45.336 55
15:57:45.609 61
15:57:45.852 1
15:57:45.991 114
15:57:46.016 143
15:57:46.023 176
15:57:46.406 600
15:57:46.567 1
15:57:46.848 37
15:57:46.941 1515
15:57:47.003 159
15:57:47.049 167
15:57:47.234 524
15:57:47.326 154
15:57:47.619 87
15:57:47.675 81
15:57:48.195 2
15:57:48.199 1
15:57:48.222 842
15:57:48.230 30
15:57:48.561 48
15:57:48.950 1315
15:57:49.067 892
15:57:49.262 118
15:57:49.430 28
15:57:49.596 48
15:57:49.619 66
15:57:49.693 41
15:57:49.698 50
15:57:49.731 1040
15:57:49.798 43
15:57:49.981 48
15:57:50.049 49
15:57:50.308 2
15:57:50.410 2
15:57:50.462 1229
15:57:50.472 186
15:57:50.499 45
15:57:50.616 41
15:57:50.730 62
15:57:50.795 20
15:57:50.909 61
15:57:50.993 2
15:57:51.497 29
15:57:51.684 53
15:57:51.708 1
15:57:52.020 49
15:57:52.023 118
15:57:52.051 297
15:57:52.077 44
15:57:52.090 45
15:57:52.424 2
15:57:52.435 2457
15:57:52.473 3
15:57:52.600 68
15:57:52.627 62
15:57:52.659 64
15:57:52.881 203
15:57:52.900 18
15:57:52.910 169
15:57:52.965 138
15:57:53.037 31
15:57:53.102 86
15:57:53.144 47
15:57:53.150 44
15:57:53.192 90
15:57:53.263 46
15:57:53.392 51
15:57:53.398 28
15:57:53.516 41
15:57:53.681 75
15:57:53.776 61
15:57:53.781 1556
15:57:53.856 2
15:57:53.923 61
15:57:54.006 47
15:57:54.082 53
15:57:54.311 42
15:57:54.412 19
15:57:54.657 63
15:57:54.665 111
15:57:54.884 46
15:57:54.912 1271
15:57:55.051 17
15:57:55.505 51
15:57:55.521 31
15:57:55.590 1
15:57:55.613 44
15:57:55.704 41
15:57:55.737 509
15:57:55.796 39
15:57:55.868 46
15:57:56.086 15
15:57:56.109 1
15:57:56.143 172
15:57:56.486 128
15:57:57.005 324
15:57:57.069 188
15:57:57.339 184
15:57:57.370 149
15:57:57.451 54
15:57:57.600 129
15:57:57.612 979
15:57:57.663 155
15:57:57.716 75
15:57:57.867 46
15:57:58.003 46
15:57:58.062 43
15:57:58.414 68
15:57:58.431 125
15:57:58.483 204
15:57:58.499 44
15:57:58.559 143
15:57:58.574 864
15:57:58.823 43
15:57:58.919 41
15:57:59.027 34
